<?xml version="1.0" encoding="UTF-8"?>
<!-- Generated by org.testng.reporters.JUnitXMLReporter -->
<testsuite hostname="iMarsu" ignored="0" name="Test" tests="3" failures="0" timestamp="23 Apr 2022 10:38:29 GMT" time="32.259" errors="0">
  <testcase name="GagalLogin" time="0.951" classname="qaautomation.march2022.AppTestAfterRefacotr"/>
  <testcase name="BerhasilLogin" time="1.224" classname="qaautomation.march2022.AppTestAfterRefacotr"/>
  <testcase name="Test" time="0.851" classname="qaautomation.march2022.AppTestAfterRefacotr"/>
</testsuite> <!-- Test -->
