<?xml version="1.0" encoding="UTF-8"?>
<testng-results skipped="0" failed="0" ignored="0" total="1" passed="1">
  <reporter-output>
  </reporter-output>
  <suite name="Default suite" duration-ms="21599" started-at="2022-05-13T14:35:32Z" finished-at="2022-05-13T14:35:54Z">
    <groups>
    </groups>
    <test name="Default test" duration-ms="21599" started-at="2022-05-13T14:35:32Z" finished-at="2022-05-13T14:35:54Z">
      <class name="tugas4.AppTest">
        <test-method status="PASS" signature="setUp()[pri:0, instance:tugas4.AppTest@229d10bd]" name="setUp" is-config="true" duration-ms="17173" started-at="2022-05-13T14:35:32Z" finished-at="2022-05-13T14:35:49Z">
          <reporter-output>
          </reporter-output>
        </test-method> <!-- setUp -->
        <test-method status="PASS" signature="get_firstmsg()[pri:0, instance:tugas4.AppTest@229d10bd]" name="get_firstmsg" duration-ms="3233" started-at="2022-05-13T14:35:49Z" finished-at="2022-05-13T14:35:53Z">
          <reporter-output>
          </reporter-output>
        </test-method> <!-- get_firstmsg -->
        <test-method status="PASS" signature="cleanUp()[pri:0, instance:tugas4.AppTest@229d10bd]" name="cleanUp" is-config="true" duration-ms="869" started-at="2022-05-13T14:35:53Z" finished-at="2022-05-13T14:35:54Z">
          <reporter-output>
          </reporter-output>
        </test-method> <!-- cleanUp -->
      </class> <!-- tugas4.AppTest -->
    </test> <!-- Default test -->
  </suite> <!-- Default suite -->
</testng-results>
